[2022-12-22 14:30:51,185] root - INFO ------------------------------ Spliting the model ready data into train and test files. ------------------------------
[2022-12-22 14:30:51,185] root - INFO Reading Parameters.
[2022-12-22 14:30:51,200] root - INFO Reading test and train data.
[2022-12-22 14:30:51,284] root - INFO Splitting x_train, y_train, x_test and y_test.
[2022-12-22 14:30:51,293] root - INFO Scaling the independent features.
[2022-12-22 14:30:51,318] root - INFO Setting up mlflow tracking uri.
[2022-12-22 14:30:51,319] root - INFO Setting up mlflow experiment as XGBoostRegressor.
[2022-12-22 14:30:51,422] root - INFO Starting mlflow run as mlops.
[2022-12-22 14:30:51,730] root - INFO Using best model - XGBRegressor for model training with parameters alpha :                         0.5, cosample_bytree : 1, max_depth : 9, min_child_weight:                             1, subsample: 1.
[2022-12-22 14:30:51,730] root - INFO Fitting scaled x_train and y_train.
[2022-12-22 14:30:55,561] root - INFO Predicting on test data.
[2022-12-22 14:30:55,592] root - INFO Evalauting Metrics.
[2022-12-22 14:30:55,592] root - INFO Logging all parameters in mlflow.
[2022-12-22 14:30:55,748] root - INFO Logging all metrics in mlflow.
[2022-12-22 14:31:01,407] root - INFO XGBRegressor
[2022-12-22 14:31:01,408] root - INFO Parametes : {'alpha': 0.5, 'cosample_bytree': 1, 'max_depth': 9, 'min_child_weight': 1, 'subsample': 1}
[2022-12-22 14:31:01,408] root - INFO Scores : {'rmse': 419.1888399940481, 'mae': 245.64145516514083, 'r2': 0.9554105029089802}
[2022-12-22 14:31:01,408] root - INFO Saving scores and parameters report at model_reports/scores.json and model_reports/params.json respectively.
[2022-12-22 14:31:01,411] root - INFO Model Reports saved.
[2022-12-22 14:31:01,411] root - INFO Saving model at prediction_service/model
[2022-12-22 14:31:01,433] root - INFO Model Saved at prediction_service/model.
