[2022-12-23 12:17:12,738] root - INFO ------------------------------ Training and evaluating the model with mlflow. ------------------------------
[2022-12-23 12:17:12,739] root - INFO Spliting the model ready data into train and test files.
[2022-12-23 12:17:12,739] root - INFO Reading Parameters.
[2022-12-23 12:17:12,747] root - INFO Reading test and train data.
[2022-12-23 12:17:12,805] root - INFO Splitting x_train, y_train, x_test and y_test.
[2022-12-23 12:17:12,828] root - INFO Setting up mlflow tracking uri.
[2022-12-23 12:17:12,829] root - INFO Setting up mlflow experiment as XGBoostRegressor.
[2022-12-23 12:17:12,937] root - INFO Starting mlflow run as mlops.
[2022-12-23 12:17:13,442] root - INFO Using best model - XGBRegressor for model training with parameters alpha :                         0.5, cosample_bytree : 1, max_depth : 9, min_child_weight:                             1, subsample: 1.
[2022-12-23 12:17:13,443] root - INFO Fitting scaled x_train and y_train.
[2022-12-23 12:17:16,887] root - INFO Predicting on test data.
[2022-12-23 12:17:16,922] root - INFO Evalauting Metrics.
[2022-12-23 12:17:16,926] root - INFO Logging all parameters in mlflow.
[2022-12-23 12:17:17,077] root - INFO Logging all metrics in mlflow.
[2022-12-23 12:17:23,746] root - INFO XGBRegressor
[2022-12-23 12:17:23,746] root - INFO Parametes : {'alpha': 0.5, 'cosample_bytree': 1, 'max_depth': 9, 'min_child_weight': 1, 'subsample': 1}
[2022-12-23 12:17:23,746] root - INFO Scores : {'rmse': 399.86711425854435, 'mae': 235.18671537300662, 'r2': 0.959536431205359}
[2022-12-23 12:17:23,746] root - INFO Saving scores and parameters report at model_reports/scores.json and model_reports/params.json respectively.
[2022-12-23 12:17:23,748] root - INFO Model Reports saved.
[2022-12-23 12:17:23,749] root - INFO Saving model at prediction_service/model
[2022-12-23 12:17:23,773] root - INFO Model Saved at prediction_service/model.
