[2022-12-23 11:06:46,608] root - INFO ------------------------------ Training and evaluating the model with mlflow. ------------------------------
[2022-12-23 11:06:46,608] root - INFO Spliting the model ready data into train and test files.
[2022-12-23 11:06:46,608] root - INFO Reading Parameters.
[2022-12-23 11:06:46,637] root - INFO Reading test and train data.
[2022-12-23 11:06:46,738] root - INFO Splitting x_train, y_train, x_test and y_test.
[2022-12-23 11:06:46,749] root - INFO Setting up mlflow tracking uri.
[2022-12-23 11:06:46,750] root - INFO Setting up mlflow experiment as XGBoostRegressor.
[2022-12-23 11:06:46,835] root - INFO Starting mlflow run as mlops.
[2022-12-23 11:06:47,200] root - INFO Using best model - XGBRegressor for model training with parameters alpha :                         0.5, cosample_bytree : 1, max_depth : 9, min_child_weight:                             1, subsample: 1.
[2022-12-23 11:06:47,200] root - INFO Fitting scaled x_train and y_train.
[2022-12-23 11:06:50,907] root - INFO Predicting on test data.
[2022-12-23 11:06:50,939] root - INFO Evalauting Metrics.
[2022-12-23 11:06:50,943] root - INFO Logging all parameters in mlflow.
[2022-12-23 11:06:51,099] root - INFO Logging all metrics in mlflow.
[2022-12-23 11:06:56,815] root - INFO XGBRegressor
[2022-12-23 11:06:56,815] root - INFO Parametes : {'alpha': 0.5, 'cosample_bytree': 1, 'max_depth': 9, 'min_child_weight': 1, 'subsample': 1}
[2022-12-23 11:06:56,816] root - INFO Scores : {'rmse': 419.2293183647206, 'mae': 245.69032824407327, 'r2': 0.9554018910512043}
[2022-12-23 11:06:56,816] root - INFO Saving scores and parameters report at model_reports/scores.json and model_reports/params.json respectively.
[2022-12-23 11:06:56,818] root - INFO Model Reports saved.
[2022-12-23 11:06:56,818] root - INFO Saving model at prediction_service/model
[2022-12-23 11:06:56,842] root - INFO Model Saved at prediction_service/model.
