[2022-12-23 11:26:42,111] root - INFO ------------------------------ Training and evaluating the model with mlflow. ------------------------------
[2022-12-23 11:26:42,111] root - INFO Spliting the model ready data into train and test files.
[2022-12-23 11:26:42,111] root - INFO Reading Parameters.
[2022-12-23 11:26:42,121] root - INFO Reading test and train data.
[2022-12-23 11:26:42,183] root - INFO Splitting x_train, y_train, x_test and y_test.
[2022-12-23 11:26:42,188] root - INFO Setting up mlflow tracking uri.
[2022-12-23 11:26:42,188] root - INFO Setting up mlflow experiment as XGBoostRegressor.
[2022-12-23 11:26:42,265] root - INFO Starting mlflow run as mlops.
[2022-12-23 11:26:42,613] root - INFO Using best model - XGBRegressor for model training with parameters alpha :                         0.5, cosample_bytree : 1, max_depth : 9, min_child_weight:                             1, subsample: 1.
[2022-12-23 11:26:42,613] root - INFO Fitting scaled x_train and y_train.
[2022-12-23 11:26:46,112] root - INFO Predicting on test data.
[2022-12-23 11:26:46,156] root - INFO Evalauting Metrics.
[2022-12-23 11:26:46,161] root - INFO Logging all parameters in mlflow.
[2022-12-23 11:26:46,308] root - INFO Logging all metrics in mlflow.
[2022-12-23 11:26:53,042] root - INFO XGBRegressor
[2022-12-23 11:26:53,043] root - INFO Parametes : {'alpha': 0.5, 'cosample_bytree': 1, 'max_depth': 9, 'min_child_weight': 1, 'subsample': 1}
[2022-12-23 11:26:53,043] root - INFO Scores : {'rmse': 399.86711425854435, 'mae': 235.18671537300662, 'r2': 0.959536431205359}
[2022-12-23 11:26:53,043] root - INFO Saving scores and parameters report at model_reports/scores.json and model_reports/params.json respectively.
[2022-12-23 11:26:53,046] root - INFO Model Reports saved.
[2022-12-23 11:26:53,046] root - INFO Saving model at prediction_service/model
[2022-12-23 11:26:53,074] root - INFO Model Saved at prediction_service/model.
